Kernel main executing
Multiboot data: 
0x0000000036D76289 0x0000000000100000
MB tag:0x0000000000000001
MB tag:0x0000000000000002
MB tag:0x000000000000000A
MB tag:0x0000000000000006
MB tag:0x0000000000000009
MB tag:0x0000000000000004
MB tag:0x0000000000000005
MB tag:0x0000000000000007
MB tag:0x0000000000000008
MB tag:0x000000000000000E
MB tag:0x0000000000000000
WARN: Remapping 2M to 4K page
Allocated physpage: 0x0000000000100000
mapAddressPages (0x0000000000000000)
Allocated physpage: 0x0000000000101000
New E3[]
Allocated physpage: 0x0000000000102000
New E2[]
Allocated physpage: 0x0000000000103000
New E1[]
I4: 0x0000000000000000
I3: 0x0000000000000000
I2: 0x0000000000000000
I1: 0x0000000000000000
A4: 0x0000000000101000
A3: 0x0000000000102000
A2: 0x0000000000103000
mapAddressPages (0xFFFF800000203000)
Allocated physpage: 0x0000000000104000
New E3[]
Allocated physpage: 0x0000000000105000
New E2[]
Allocated physpage: 0x0000000000106000
New E1[]
I4: 0x0000000000000100
I3: 0x0000000000000000
I2: 0x0000000000000001
I1: 0x0000000000000003
A4: 0x0000000000104000
A3: 0x0000000000105000
A2: 0x0000000000106000
mapAddressPages (0xFFFF800000202000)
I4: 0x0000000000000100
I3: 0x0000000000000000
I2: 0x0000000000000001
I1: 0x0000000000000002
A4: 0x0000000000104000
A3: 0x0000000000105000
A2: 0x0000000000106000
mapAddressPages (0xFFFF800000201000)
I4: 0x0000000000000100
I3: 0x0000000000000000
I2: 0x0000000000000001
I1: 0x0000000000000001
A4: 0x0000000000104000
A3: 0x0000000000105000
A2: 0x0000000000106000
mapAddressPages (0xFFFF800000200000)
I4: 0x0000000000000100
I3: 0x0000000000000000
I2: 0x0000000000000001
I1: 0x0000000000000000
A4: 0x0000000000104000
A3: 0x0000000000105000
A2: 0x0000000000106000
mapAddressPages (0xFFFF800000204000)
I4: 0x0000000000000100
I3: 0x0000000000000000
I2: 0x0000000000000001
I1: 0x0000000000000004
A4: 0x0000000000104000
A3: 0x0000000000105000
A2: 0x0000000000106000
NPT: Mapping V0xFFFF800000015000 to P0x0000000000015000
mapAddressPages (0xFFFF800000015000)
Allocated physpage: 0x0000000000107000
New E1[]
I4: 0x0000000000000100
I3: 0x0000000000000000
I2: 0x0000000000000000
I1: 0x0000000000000015
A4: 0x0000000000104000
A3: 0x0000000000105000
A2: 0x0000000000107000
NPT: Mapping V0xFFFF800000016000 to P0x0000000000016000
mapAddressPages (0xFFFF800000016000)
I4: 0x0000000000000100
I3: 0x0000000000000000
I2: 0x0000000000000000
I1: 0x0000000000000016
A4: 0x0000000000104000
A3: 0x0000000000105000
A2: 0x0000000000107000
NPT: Mapping V0xFFFF800000017000 to P0x0000000000017000
mapAddressPages (0xFFFF800000017000)
I4: 0x0000000000000100
I3: 0x0000000000000000
I2: 0x0000000000000000
I1: 0x0000000000000017
A4: 0x0000000000104000
A3: 0x0000000000105000
A2: 0x0000000000107000
NPT: Mapping V0xFFFF800000018000 to P0x0000000000018000
mapAddressPages (0xFFFF800000018000)
I4: 0x0000000000000100
I3: 0x0000000000000000
I2: 0x0000000000000000
I1: 0x0000000000000018
A4: 0x0000000000104000
A3: 0x0000000000105000
A2: 0x0000000000107000
NPT: Mapping V0xFFFF800000019000 to P0x0000000000019000
mapAddressPages (0xFFFF800000019000)
I4: 0x0000000000000100
I3: 0x0000000000000000
I2: 0x0000000000000000
I1: 0x0000000000000019
A4: 0x0000000000104000
A3: 0x0000000000105000
A2: 0x0000000000107000
NPT: Mapping V0xFFFF80000001A000 to P0x000000000001A000
mapAddressPages (0xFFFF80000001A000)
I4: 0x0000000000000100
I3: 0x0000000000000000
I2: 0x0000000000000000
I1: 0x000000000000001A
A4: 0x0000000000104000
A3: 0x0000000000105000
A2: 0x0000000000107000
NPT: Mapping V0xFFFF80000001B000 to P0x000000000001B000
mapAddressPages (0xFFFF80000001B000)
I4: 0x0000000000000100
I3: 0x0000000000000000
I2: 0x0000000000000000
I1: 0x000000000000001B
A4: 0x0000000000104000
A3: 0x0000000000105000
A2: 0x0000000000107000
NPT: Mapping V0xFFFF80000001C000 to P0x000000000001C000
mapAddressPages (0xFFFF80000001C000)
I4: 0x0000000000000100
I3: 0x0000000000000000
I2: 0x0000000000000000
I1: 0x000000000000001C
A4: 0x0000000000104000
A3: 0x0000000000105000
A2: 0x0000000000107000
NPT: Mapping V0xFFFF80000001D000 to P0x000000000001D000
mapAddressPages (0xFFFF80000001D000)
I4: 0x0000000000000100
I3: 0x0000000000000000
I2: 0x0000000000000000
I1: 0x000000000000001D
A4: 0x0000000000104000
A3: 0x0000000000105000
A2: 0x0000000000107000
NPT: Mapping V0xFFFF80000001E000 to P0x000000000001E000
mapAddressPages (0xFFFF80000001E000)
I4: 0x0000000000000100
I3: 0x0000000000000000
I2: 0x0000000000000000
I1: 0x000000000000001E
A4: 0x0000000000104000
A3: 0x0000000000105000
A2: 0x0000000000107000
NPT: Mapping V0xFFFF80000001F000 to P0x000000000001F000
mapAddressPages (0xFFFF80000001F000)
I4: 0x0000000000000100
I3: 0x0000000000000000
I2: 0x0000000000000000
I1: 0x000000000000001F
A4: 0x0000000000104000
A3: 0x0000000000105000
A2: 0x0000000000107000
NPT: Mapping V0xFFFF800000020000 to P0x0000000000020000
mapAddressPages (0xFFFF800000020000)
I4: 0x0000000000000100
I3: 0x0000000000000000
I2: 0x0000000000000000
I1: 0x0000000000000020
A4: 0x0000000000104000
A3: 0x0000000000105000
A2: 0x0000000000107000
NPT: Mapping V0xFFFF800000021000 to P0x0000000000021000
mapAddressPages (0xFFFF800000021000)
I4: 0x0000000000000100
I3: 0x0000000000000000
I2: 0x0000000000000000
I1: 0x0000000000000021
A4: 0x0000000000104000
A3: 0x0000000000105000
A2: 0x0000000000107000
NPT: Mapping V0xFFFF800000022000 to P0x0000000000022000
mapAddressPages (0xFFFF800000022000)
I4: 0x0000000000000100
I3: 0x0000000000000000
I2: 0x0000000000000000
I1: 0x0000000000000022
A4: 0x0000000000104000
A3: 0x0000000000105000
A2: 0x0000000000107000
NPT: Mapping V0xFFFF800000023000 to P0x0000000000023000
mapAddressPages (0xFFFF800000023000)
I4: 0x0000000000000100
I3: 0x0000000000000000
I2: 0x0000000000000000
I1: 0x0000000000000023
A4: 0x0000000000104000
A3: 0x0000000000105000
A2: 0x0000000000107000
NPT: Mapping V0xFFFF800000024000 to P0x0000000000024000
mapAddressPages (0xFFFF800000024000)
I4: 0x0000000000000100
I3: 0x0000000000000000
I2: 0x0000000000000000
I1: 0x0000000000000024
A4: 0x0000000000104000
A3: 0x0000000000105000
A2: 0x0000000000107000
NPT: Mapping V0xFFFF800000025000 to P0x0000000000025000
mapAddressPages (0xFFFF800000025000)
I4: 0x0000000000000100
I3: 0x0000000000000000
I2: 0x0000000000000000
I1: 0x0000000000000025
A4: 0x0000000000104000
A3: 0x0000000000105000
A2: 0x0000000000107000
NPT: Mapping V0xFFFF800000026000 to P0x0000000000026000
mapAddressPages (0xFFFF800000026000)
I4: 0x0000000000000100
I3: 0x0000000000000000
I2: 0x0000000000000000
I1: 0x0000000000000026
A4: 0x0000000000104000
A3: 0x0000000000105000
A2: 0x0000000000107000
NPT: Mapping V0xFFFF800000027000 to P0x0000000000027000
mapAddressPages (0xFFFF800000027000)
I4: 0x0000000000000100
I3: 0x0000000000000000
I2: 0x0000000000000000
I1: 0x0000000000000027
A4: 0x0000000000104000
A3: 0x0000000000105000
A2: 0x0000000000107000
NPT: Mapping V0xFFFF800000028000 to P0x0000000000028000
mapAddressPages (0xFFFF800000028000)
I4: 0x0000000000000100
I3: 0x0000000000000000
I2: 0x0000000000000000
I1: 0x0000000000000028
A4: 0x0000000000104000
A3: 0x0000000000105000
A2: 0x0000000000107000
NPT: Mapping V0xFFFF800000029000 to P0x0000000000029000
mapAddressPages (0xFFFF800000029000)
I4: 0x0000000000000100
I3: 0x0000000000000000
I2: 0x0000000000000000
I1: 0x0000000000000029
A4: 0x0000000000104000
A3: 0x0000000000105000
A2: 0x0000000000107000
NPT: Mapping V0xFFFF80000002A000 to P0x000000000002A000
mapAddressPages (0xFFFF80000002A000)
I4: 0x0000000000000100
I3: 0x0000000000000000
I2: 0x0000000000000000
I1: 0x000000000000002A
A4: 0x0000000000104000
A3: 0x0000000000105000
A2: 0x0000000000107000
NPT: Mapping V0xFFFF80000002B000 to P0x000000000002B000
mapAddressPages (0xFFFF80000002B000)
I4: 0x0000000000000100
I3: 0x0000000000000000
I2: 0x0000000000000000
I1: 0x000000000000002B
A4: 0x0000000000104000
A3: 0x0000000000105000
A2: 0x0000000000107000
NPT: Mapping V0xFFFF80000002C000 to P0x000000000002C000
mapAddressPages (0xFFFF80000002C000)
I4: 0x0000000000000100
I3: 0x0000000000000000
I2: 0x0000000000000000
I1: 0x000000000000002C
A4: 0x0000000000104000
A3: 0x0000000000105000
A2: 0x0000000000107000
NPT: Mapping V0xFFFF80000002D000 to P0x000000000002D000
mapAddressPages (0xFFFF80000002D000)
I4: 0x0000000000000100
I3: 0x0000000000000000
I2: 0x0000000000000000
I1: 0x000000000000002D
A4: 0x0000000000104000
A3: 0x0000000000105000
A2: 0x0000000000107000
NPT: Mapping V0xFFFF80000002E000 to P0x000000000002E000
mapAddressPages (0xFFFF80000002E000)
I4: 0x0000000000000100
I3: 0x0000000000000000
I2: 0x0000000000000000
I1: 0x000000000000002E
A4: 0x0000000000104000
A3: 0x0000000000105000
A2: 0x0000000000107000
NPT: Mapping V0xFFFF80000002F000 to P0x000000000002F000
mapAddressPages (0xFFFF80000002F000)
I4: 0x0000000000000100
I3: 0x0000000000000000
I2: 0x0000000000000000
I1: 0x000000000000002F
A4: 0x0000000000104000
A3: 0x0000000000105000
A2: 0x0000000000107000
NPT: Mapping V0xFFFF800000030000 to P0x0000000000030000
mapAddressPages (0xFFFF800000030000)
I4: 0x0000000000000100
I3: 0x0000000000000000
I2: 0x0000000000000000
I1: 0x0000000000000030
A4: 0x0000000000104000
A3: 0x0000000000105000
A2: 0x0000000000107000
NPT: Mapping V0xFFFF800000031000 to P0x0000000000031000
mapAddressPages (0xFFFF800000031000)
I4: 0x0000000000000100
I3: 0x0000000000000000
I2: 0x0000000000000000
I1: 0x0000000000000031
A4: 0x0000000000104000
A3: 0x0000000000105000
A2: 0x0000000000107000
NPT: Mapping V0xFFFF800000032000 to P0x0000000000032000
mapAddressPages (0xFFFF800000032000)
I4: 0x0000000000000100
I3: 0x0000000000000000
I2: 0x0000000000000000
I1: 0x0000000000000032
A4: 0x0000000000104000
A3: 0x0000000000105000
A2: 0x0000000000107000
NPT: Mapping V0xFFFF800000033000 to P0x0000000000033000
mapAddressPages (0xFFFF800000033000)
I4: 0x0000000000000100
I3: 0x0000000000000000
I2: 0x0000000000000000
I1: 0x0000000000000033
A4: 0x0000000000104000
A3: 0x0000000000105000
A2: 0x0000000000107000
NPT: Mapping V0xFFFF800000034000 to P0x0000000000034000
mapAddressPages (0xFFFF800000034000)
I4: 0x0000000000000100
I3: 0x0000000000000000
I2: 0x0000000000000000
I1: 0x0000000000000034
A4: 0x0000000000104000
A3: 0x0000000000105000
A2: 0x0000000000107000
NPT: Mapping V0xFFFF800000035000 to P0x0000000000035000
mapAddressPages (0xFFFF800000035000)
I4: 0x0000000000000100
I3: 0x0000000000000000
I2: 0x0000000000000000
I1: 0x0000000000000035
A4: 0x0000000000104000
A3: 0x0000000000105000
A2: 0x0000000000107000
NPT: Mapping V0xFFFF800000036000 to P0x0000000000036000
mapAddressPages (0xFFFF800000036000)
I4: 0x0000000000000100
I3: 0x0000000000000000
I2: 0x0000000000000000
I1: 0x0000000000000036
A4: 0x0000000000104000
A3: 0x0000000000105000
A2: 0x0000000000107000
NPT: Mapping V0xFFFF800000037000 to P0x0000000000037000
mapAddressPages (0xFFFF800000037000)
I4: 0x0000000000000100
I3: 0x0000000000000000
I2: 0x0000000000000000
I1: 0x0000000000000037
A4: 0x0000000000104000
A3: 0x0000000000105000
A2: 0x0000000000107000
NPT: Mapping V0xFFFF800000038000 to P0x0000000000038000
mapAddressPages (0xFFFF800000038000)
I4: 0x0000000000000100
I3: 0x0000000000000000
I2: 0x0000000000000000
I1: 0x0000000000000038
A4: 0x0000000000104000
A3: 0x0000000000105000
A2: 0x0000000000107000
NPT: Mapping V0xFFFF800000039000 to P0x0000000000039000
mapAddressPages (0xFFFF800000039000)
I4: 0x0000000000000100
I3: 0x0000000000000000
I2: 0x0000000000000000
I1: 0x0000000000000039
A4: 0x0000000000104000
A3: 0x0000000000105000
A2: 0x0000000000107000
NPT: Mapping V0xFFFF80000003A000 to P0x000000000003A000
mapAddressPages (0xFFFF80000003A000)
I4: 0x0000000000000100
I3: 0x0000000000000000
I2: 0x0000000000000000
I1: 0x000000000000003A
A4: 0x0000000000104000
A3: 0x0000000000105000
A2: 0x0000000000107000
NPT: Mapping V0xFFFF80000003B000 to P0x000000000003B000
mapAddressPages (0xFFFF80000003B000)
I4: 0x0000000000000100
I3: 0x0000000000000000
I2: 0x0000000000000000
I1: 0x000000000000003B
A4: 0x0000000000104000
A3: 0x0000000000105000
A2: 0x0000000000107000
NPT: Mapping V0xFFFF80000003C000 to P0x000000000003C000
mapAddressPages (0xFFFF80000003C000)
I4: 0x0000000000000100
I3: 0x0000000000000000
I2: 0x0000000000000000
I1: 0x000000000000003C
A4: 0x0000000000104000
A3: 0x0000000000105000
A2: 0x0000000000107000
NPT: Mapping V0xFFFF80000003D000 to P0x000000000003D000
mapAddressPages (0xFFFF80000003D000)
I4: 0x0000000000000100
I3: 0x0000000000000000
I2: 0x0000000000000000
I1: 0x000000000000003D
A4: 0x0000000000104000
A3: 0x0000000000105000
A2: 0x0000000000107000
NPT: Mapping V0xFFFF80000003E000 to P0x000000000003E000
mapAddressPages (0xFFFF80000003E000)
I4: 0x0000000000000100
I3: 0x0000000000000000
I2: 0x0000000000000000
I1: 0x000000000000003E
A4: 0x0000000000104000
A3: 0x0000000000105000
A2: 0x0000000000107000
NPT: Mapping V0xFFFF80000003F000 to P0x000000000003F000
mapAddressPages (0xFFFF80000003F000)
I4: 0x0000000000000100
I3: 0x0000000000000000
I2: 0x0000000000000000
I1: 0x000000000000003F
A4: 0x0000000000104000
A3: 0x0000000000105000
A2: 0x0000000000107000
NPT: Mapping V0xFFFF800000040000 to P0x0000000000040000
mapAddressPages (0xFFFF800000040000)
I4: 0x0000000000000100
I3: 0x0000000000000000
I2: 0x0000000000000000
I1: 0x0000000000000040
A4: 0x0000000000104000
A3: 0x0000000000105000
A2: 0x0000000000107000
NPT: Mapping V0xFFFF800000041000 to P0x0000000000041000
mapAddressPages (0xFFFF800000041000)
I4: 0x0000000000000100
I3: 0x0000000000000000
I2: 0x0000000000000000
I1: 0x0000000000000041
A4: 0x0000000000104000
A3: 0x0000000000105000
A2: 0x0000000000107000
NPT: Mapping V0xFFFF800000042000 to P0x0000000000042000
mapAddressPages (0xFFFF800000042000)
I4: 0x0000000000000100
I3: 0x0000000000000000
I2: 0x0000000000000000
I1: 0x0000000000000042
A4: 0x0000000000104000
A3: 0x0000000000105000
A2: 0x0000000000107000
NPT: Mapping V0xFFFF800000043000 to P0x0000000000043000
mapAddressPages (0xFFFF800000043000)
I4: 0x0000000000000100
I3: 0x0000000000000000
I2: 0x0000000000000000
I1: 0x0000000000000043
A4: 0x0000000000104000
A3: 0x0000000000105000
A2: 0x0000000000107000
NPT: Mapping V0xFFFF800000044000 to P0x0000000000044000
mapAddressPages (0xFFFF800000044000)
I4: 0x0000000000000100
I3: 0x0000000000000000
I2: 0x0000000000000000
I1: 0x0000000000000044
A4: 0x0000000000104000
A3: 0x0000000000105000
A2: 0x0000000000107000
NPT: Mapping V0xFFFF800000045000 to P0x0000000000045000
mapAddressPages (0xFFFF800000045000)
I4: 0x0000000000000100
I3: 0x0000000000000000
I2: 0x0000000000000000
I1: 0x0000000000000045
A4: 0x0000000000104000
A3: 0x0000000000105000
A2: 0x0000000000107000
NPT: Mapping V0xFFFF800000046000 to P0x0000000000046000
mapAddressPages (0xFFFF800000046000)
I4: 0x0000000000000100
I3: 0x0000000000000000
I2: 0x0000000000000000
I1: 0x0000000000000046
A4: 0x0000000000104000
A3: 0x0000000000105000
A2: 0x0000000000107000
NPT: Mapping V0xFFFF800000047000 to P0x0000000000047000
mapAddressPages (0xFFFF800000047000)
I4: 0x0000000000000100
I3: 0x0000000000000000
I2: 0x0000000000000000
I1: 0x0000000000000047
A4: 0x0000000000104000
A3: 0x0000000000105000
A2: 0x0000000000107000
NPT: Mapping V0xFFFF800000048000 to P0x0000000000048000
mapAddressPages (0xFFFF800000048000)
I4: 0x0000000000000100
I3: 0x0000000000000000
I2: 0x0000000000000000
I1: 0x0000000000000048
A4: 0x0000000000104000
A3: 0x0000000000105000
A2: 0x0000000000107000
NPT: Mapping V0xFFFF800000049000 to P0x0000000000049000
mapAddressPages (0xFFFF800000049000)
I4: 0x0000000000000100
I3: 0x0000000000000000
I2: 0x0000000000000000
I1: 0x0000000000000049
A4: 0x0000000000104000
A3: 0x0000000000105000
A2: 0x0000000000107000
NPT: Mapping V0xFFFF80000004A000 to P0x000000000004A000
mapAddressPages (0xFFFF80000004A000)
I4: 0x0000000000000100
I3: 0x0000000000000000
I2: 0x0000000000000000
I1: 0x000000000000004A
A4: 0x0000000000104000
A3: 0x0000000000105000
A2: 0x0000000000107000
NPT: Mapping V0xFFFF80000004B000 to P0x000000000004B000
mapAddressPages (0xFFFF80000004B000)
I4: 0x0000000000000100
I3: 0x0000000000000000
I2: 0x0000000000000000
I1: 0x000000000000004B
A4: 0x0000000000104000
A3: 0x0000000000105000
A2: 0x0000000000107000
NPT: Mapping V0xFFFF80000004C000 to P0x000000000004C000
mapAddressPages (0xFFFF80000004C000)
I4: 0x0000000000000100
I3: 0x0000000000000000
I2: 0x0000000000000000
I1: 0x000000000000004C
A4: 0x0000000000104000
A3: 0x0000000000105000
A2: 0x0000000000107000
NPT: Mapping V0xFFFF80000004D000 to P0x000000000004D000
mapAddressPages (0xFFFF80000004D000)
I4: 0x0000000000000100
I3: 0x0000000000000000
I2: 0x0000000000000000
I1: 0x000000000000004D
A4: 0x0000000000104000
A3: 0x0000000000105000
A2: 0x0000000000107000
NPT: Mapping V0xFFFF80000004E000 to P0x000000000004E000
mapAddressPages (0xFFFF80000004E000)
I4: 0x0000000000000100
I3: 0x0000000000000000
I2: 0x0000000000000000
I1: 0x000000000000004E
A4: 0x0000000000104000
A3: 0x0000000000105000
A2: 0x0000000000107000
NPT: Mapping V0xFFFF80000004F000 to P0x000000000004F000
mapAddressPages (0xFFFF80000004F000)
I4: 0x0000000000000100
I3: 0x0000000000000000
I2: 0x0000000000000000
I1: 0x000000000000004F
A4: 0x0000000000104000
A3: 0x0000000000105000
A2: 0x0000000000107000
NPT: Mapping V0xFFFF800000050000 to P0x0000000000050000
mapAddressPages (0xFFFF800000050000)
I4: 0x0000000000000100
I3: 0x0000000000000000
I2: 0x0000000000000000
I1: 0x0000000000000050
A4: 0x0000000000104000
A3: 0x0000000000105000
A2: 0x0000000000107000
NPT: Mapping V0xFFFF800000051000 to P0x0000000000051000
mapAddressPages (0xFFFF800000051000)
I4: 0x0000000000000100
I3: 0x0000000000000000
I2: 0x0000000000000000
I1: 0x0000000000000051
A4: 0x0000000000104000
A3: 0x0000000000105000
A2: 0x0000000000107000
NPT: Mapping V0xFFFF800000052000 to P0x0000000000052000
mapAddressPages (0xFFFF800000052000)
I4: 0x0000000000000100
I3: 0x0000000000000000
I2: 0x0000000000000000
I1: 0x0000000000000052
A4: 0x0000000000104000
A3: 0x0000000000105000
A2: 0x0000000000107000
NPT: Mapping V0xFFFF800000053000 to P0x0000000000053000
mapAddressPages (0xFFFF800000053000)
I4: 0x0000000000000100
I3: 0x0000000000000000
I2: 0x0000000000000000
I1: 0x0000000000000053
A4: 0x0000000000104000
A3: 0x0000000000105000
A2: 0x0000000000107000
NPT: Mapping V0xFFFF800000054000 to P0x0000000000054000
mapAddressPages (0xFFFF800000054000)
I4: 0x0000000000000100
I3: 0x0000000000000000
I2: 0x0000000000000000
I1: 0x0000000000000054
A4: 0x0000000000104000
A3: 0x0000000000105000
A2: 0x0000000000107000
NPT: Mapping V0xFFFF800000055000 to P0x0000000000055000
mapAddressPages (0xFFFF800000055000)
I4: 0x0000000000000100
I3: 0x0000000000000000
I2: 0x0000000000000000
I1: 0x0000000000000055
A4: 0x0000000000104000
A3: 0x0000000000105000
A2: 0x0000000000107000
NPT: Mapping V0xFFFF800000056000 to P0x0000000000056000
mapAddressPages (0xFFFF800000056000)
I4: 0x0000000000000100
I3: 0x0000000000000000
I2: 0x0000000000000000
I1: 0x0000000000000056
A4: 0x0000000000104000
A3: 0x0000000000105000
A2: 0x0000000000107000
NPT: Mapping V0xFFFF800000057000 to P0x0000000000057000
mapAddressPages (0xFFFF800000057000)
I4: 0x0000000000000100
I3: 0x0000000000000000
I2: 0x0000000000000000
I1: 0x0000000000000057
A4: 0x0000000000104000
A3: 0x0000000000105000
A2: 0x0000000000107000
NPT: Mapping V0xFFFF800000058000 to P0x0000000000058000
mapAddressPages (0xFFFF800000058000)
I4: 0x0000000000000100
I3: 0x0000000000000000
I2: 0x0000000000000000
I1: 0x0000000000000058
A4: 0x0000000000104000
A3: 0x0000000000105000
A2: 0x0000000000107000
NPT: Mapping V0xFFFF800000059000 to P0x0000000000059000
mapAddressPages (0xFFFF800000059000)
I4: 0x0000000000000100
I3: 0x0000000000000000
I2: 0x0000000000000000
I1: 0x0000000000000059
A4: 0x0000000000104000
A3: 0x0000000000105000
A2: 0x0000000000107000
NPT: Mapping V0xFFFF80000005A000 to P0x000000000005A000
mapAddressPages (0xFFFF80000005A000)
I4: 0x0000000000000100
I3: 0x0000000000000000
I2: 0x0000000000000000
I1: 0x000000000000005A
A4: 0x0000000000104000
A3: 0x0000000000105000
A2: 0x0000000000107000
NPT: Mapping V0xFFFF80000005B000 to P0x000000000005B000
mapAddressPages (0xFFFF80000005B000)
I4: 0x0000000000000100
I3: 0x0000000000000000
I2: 0x0000000000000000
I1: 0x000000000000005B
A4: 0x0000000000104000
A3: 0x0000000000105000
A2: 0x0000000000107000
NPT: Mapping V0xFFFF80000005C000 to P0x000000000005C000
mapAddressPages (0xFFFF80000005C000)
I4: 0x0000000000000100
I3: 0x0000000000000000
I2: 0x0000000000000000
I1: 0x000000000000005C
A4: 0x0000000000104000
A3: 0x0000000000105000
A2: 0x0000000000107000
NPT: Mapping V0xFFFF80000005D000 to P0x000000000005D000
mapAddressPages (0xFFFF80000005D000)
I4: 0x0000000000000100
I3: 0x0000000000000000
I2: 0x0000000000000000
I1: 0x000000000000005D
A4: 0x0000000000104000
A3: 0x0000000000105000
A2: 0x0000000000107000
NPT: Mapping V0xFFFF80000005E000 to P0x000000000005E000
mapAddressPages (0xFFFF80000005E000)
I4: 0x0000000000000100
I3: 0x0000000000000000
I2: 0x0000000000000000
I1: 0x000000000000005E
A4: 0x0000000000104000
A3: 0x0000000000105000
A2: 0x0000000000107000
NPT: Mapping V0xFFFF80000005F000 to P0x000000000005F000
mapAddressPages (0xFFFF80000005F000)
I4: 0x0000000000000100
I3: 0x0000000000000000
I2: 0x0000000000000000
I1: 0x000000000000005F
A4: 0x0000000000104000
A3: 0x0000000000105000
A2: 0x0000000000107000
NPT: Mapping V0xFFFF800000060000 to P0x0000000000060000
mapAddressPages (0xFFFF800000060000)
I4: 0x0000000000000100
I3: 0x0000000000000000
I2: 0x0000000000000000
I1: 0x0000000000000060
A4: 0x0000000000104000
A3: 0x0000000000105000
A2: 0x0000000000107000
NPT: Mapping V0xFFFF800000061000 to P0x0000000000061000
mapAddressPages (0xFFFF800000061000)
I4: 0x0000000000000100
I3: 0x0000000000000000
I2: 0x0000000000000000
I1: 0x0000000000000061
A4: 0x0000000000104000
A3: 0x0000000000105000
A2: 0x0000000000107000
NPT: Mapping V0xFFFF800000062000 to P0x0000000000062000
mapAddressPages (0xFFFF800000062000)
I4: 0x0000000000000100
I3: 0x0000000000000000
I2: 0x0000000000000000
I1: 0x0000000000000062
A4: 0x0000000000104000
A3: 0x0000000000105000
A2: 0x0000000000107000
NPT: Mapping V0xFFFF800000063000 to P0x0000000000063000
mapAddressPages (0xFFFF800000063000)
I4: 0x0000000000000100
I3: 0x0000000000000000
I2: 0x0000000000000000
I1: 0x0000000000000063
A4: 0x0000000000104000
A3: 0x0000000000105000
A2: 0x0000000000107000
NPT: Mapping V0xFFFF800000064000 to P0x0000000000064000
mapAddressPages (0xFFFF800000064000)
I4: 0x0000000000000100
I3: 0x0000000000000000
I2: 0x0000000000000000
I1: 0x0000000000000064
A4: 0x0000000000104000
A3: 0x0000000000105000
A2: 0x0000000000107000
NPT: Mapping V0xFFFF800000065000 to P0x0000000000065000
mapAddressPages (0xFFFF800000065000)
I4: 0x0000000000000100
I3: 0x0000000000000000
I2: 0x0000000000000000
I1: 0x0000000000000065
A4: 0x0000000000104000
A3: 0x0000000000105000
A2: 0x0000000000107000
NPT: Mapping V0xFFFF800000066000 to P0x0000000000066000
mapAddressPages (0xFFFF800000066000)
I4: 0x0000000000000100
I3: 0x0000000000000000
I2: 0x0000000000000000
I1: 0x0000000000000066
A4: 0x0000000000104000
A3: 0x0000000000105000
A2: 0x0000000000107000
NPT: Mapping V0xFFFF800000067000 to P0x0000000000067000
mapAddressPages (0xFFFF800000067000)
I4: 0x0000000000000100
I3: 0x0000000000000000
I2: 0x0000000000000000
I1: 0x0000000000000067
A4: 0x0000000000104000
A3: 0x0000000000105000
A2: 0x0000000000107000
NPT: Mapping V0xFFFF800000068000 to P0x0000000000068000
mapAddressPages (0xFFFF800000068000)
I4: 0x0000000000000100
I3: 0x0000000000000000
I2: 0x0000000000000000
I1: 0x0000000000000068
A4: 0x0000000000104000
A3: 0x0000000000105000
A2: 0x0000000000107000
NPT: Mapping V0xFFFF800000069000 to P0x0000000000069000
mapAddressPages (0xFFFF800000069000)
I4: 0x0000000000000100
I3: 0x0000000000000000
I2: 0x0000000000000000
I1: 0x0000000000000069
A4: 0x0000000000104000
A3: 0x0000000000105000
A2: 0x0000000000107000
NPT: Mapping V0xFFFF80000006A000 to P0x000000000006A000
mapAddressPages (0xFFFF80000006A000)
I4: 0x0000000000000100
I3: 0x0000000000000000
I2: 0x0000000000000000
I1: 0x000000000000006A
A4: 0x0000000000104000
A3: 0x0000000000105000
A2: 0x0000000000107000
NPT: Mapping V0xFFFF80000006B000 to P0x000000000006B000
mapAddressPages (0xFFFF80000006B000)
I4: 0x0000000000000100
I3: 0x0000000000000000
I2: 0x0000000000000000
I1: 0x000000000000006B
A4: 0x0000000000104000
A3: 0x0000000000105000
A2: 0x0000000000107000
NPT: Mapping V0xFFFF80000006C000 to P0x000000000006C000
mapAddressPages (0xFFFF80000006C000)
I4: 0x0000000000000100
I3: 0x0000000000000000
I2: 0x0000000000000000
I1: 0x000000000000006C
A4: 0x0000000000104000
A3: 0x0000000000105000
A2: 0x0000000000107000
NPT: Mapping V0xFFFF80000006D000 to P0x000000000006D000
mapAddressPages (0xFFFF80000006D000)
I4: 0x0000000000000100
I3: 0x0000000000000000
I2: 0x0000000000000000
I1: 0x000000000000006D
A4: 0x0000000000104000
A3: 0x0000000000105000
A2: 0x0000000000107000
NPT: Mapping V0xFFFF80000006E000 to P0x000000000006E000
mapAddressPages (0xFFFF80000006E000)
I4: 0x0000000000000100
I3: 0x0000000000000000
I2: 0x0000000000000000
I1: 0x000000000000006E
A4: 0x0000000000104000
A3: 0x0000000000105000
A2: 0x0000000000107000
NPT: Mapping V0xFFFF80000006F000 to P0x000000000006F000
mapAddressPages (0xFFFF80000006F000)
I4: 0x0000000000000100
I3: 0x0000000000000000
I2: 0x0000000000000000
I1: 0x000000000000006F
A4: 0x0000000000104000
A3: 0x0000000000105000
A2: 0x0000000000107000
NPT: Mapping V0xFFFF800000070000 to P0x0000000000070000
mapAddressPages (0xFFFF800000070000)
I4: 0x0000000000000100
I3: 0x0000000000000000
I2: 0x0000000000000000
I1: 0x0000000000000070
A4: 0x0000000000104000
A3: 0x0000000000105000
A2: 0x0000000000107000
NPT: Mapping V0xFFFF800000071000 to P0x0000000000071000
mapAddressPages (0xFFFF800000071000)
I4: 0x0000000000000100
I3: 0x0000000000000000
I2: 0x0000000000000000
I1: 0x0000000000000071
A4: 0x0000000000104000
A3: 0x0000000000105000
A2: 0x0000000000107000
NPT: Mapping V0xFFFF800000072000 to P0x0000000000072000
mapAddressPages (0xFFFF800000072000)
I4: 0x0000000000000100
I3: 0x0000000000000000
I2: 0x0000000000000000
I1: 0x0000000000000072
A4: 0x0000000000104000
A3: 0x0000000000105000
A2: 0x0000000000107000
NPT: Mapping V0xFFFF800000073000 to P0x0000000000073000
mapAddressPages (0xFFFF800000073000)
I4: 0x0000000000000100
I3: 0x0000000000000000
I2: 0x0000000000000000
I1: 0x0000000000000073
A4: 0x0000000000104000
A3: 0x0000000000105000
A2: 0x0000000000107000
NPT: Mapping V0xFFFF800000074000 to P0x0000000000074000
mapAddressPages (0xFFFF800000074000)
I4: 0x0000000000000100
I3: 0x0000000000000000
I2: 0x0000000000000000
I1: 0x0000000000000074
A4: 0x0000000000104000
A3: 0x0000000000105000
A2: 0x0000000000107000
NPT: Mapping V0xFFFF800000075000 to P0x0000000000075000
mapAddressPages (0xFFFF800000075000)
I4: 0x0000000000000100
I3: 0x0000000000000000
I2: 0x0000000000000000
I1: 0x0000000000000075
A4: 0x0000000000104000
A3: 0x0000000000105000
A2: 0x0000000000107000
NPT: Mapping V0xFFFF800000076000 to P0x0000000000076000
mapAddressPages (0xFFFF800000076000)
I4: 0x0000000000000100
I3: 0x0000000000000000
I2: 0x0000000000000000
I1: 0x0000000000000076
A4: 0x0000000000104000
A3: 0x0000000000105000
A2: 0x0000000000107000
NPT: Mapping V0xFFFF800000077000 to P0x0000000000077000
mapAddressPages (0xFFFF800000077000)
I4: 0x0000000000000100
I3: 0x0000000000000000
I2: 0x0000000000000000
I1: 0x0000000000000077
A4: 0x0000000000104000
A3: 0x0000000000105000
A2: 0x0000000000107000
NPT: Mapping V0xFFFF800000078000 to P0x0000000000078000
mapAddressPages (0xFFFF800000078000)
I4: 0x0000000000000100
I3: 0x0000000000000000
I2: 0x0000000000000000
I1: 0x0000000000000078
A4: 0x0000000000104000
A3: 0x0000000000105000
A2: 0x0000000000107000
NPT: Mapping V0xFFFF800000079000 to P0x0000000000079000
mapAddressPages (0xFFFF800000079000)
I4: 0x0000000000000100
I3: 0x0000000000000000
I2: 0x0000000000000000
I1: 0x0000000000000079
A4: 0x0000000000104000
A3: 0x0000000000105000
A2: 0x0000000000107000
Allocated physpage: 0x0000000000108000
Allocated physpage: 0x0000000000109000
Allocated physpage: 0x000000000010A000
Allocated physpage: 0x000000000010B000
Allocated physpage: 0x000000000010C000
Allocated physpage: 0x000000000010D000
